<?xml version='1.0' encoding='UTF-8'?>
<testsuite hostname="DESKTOP-E2HF8O5" name="AuthorModelTest" tests="2" errors="0" failures="0" skipped="0" time="0.172">
                     <properties>
[...]
</properties>
                     <testcase classname="AuthorModelTest" name="testSetAndGetName" time="0.172">
                                                 
                                               </testcase><testcase classname="AuthorModelTest" name="testSetAndGetScreenName" time="0.0">
                                                 
                                               </testcase>
                     <system-out><![CDATA[]]></system-out>
                     <system-err><![CDATA[]]></system-err>
                   </testsuite>